Determining if the pthread_create exist failed with the following output:
Change Dir: /home/wanguanglu/work/ros_study/2.ros_launch/build/CMakeFiles/CMakeTmp

Run Build Command:/usr/bin/make "cmTryCompileExec3049345484/fast"
/usr/bin/make -f CMakeFiles/cmTryCompileExec3049345484.dir/build.make CMakeFiles/cmTryCompileExec3049345484.dir/build
make[1]: Entering directory `/home/wanguanglu/work/ros_study/2.ros_launch/build/CMakeFiles/CMakeTmp'
/usr/bin/cmake -E cmake_progress_report /home/wanguanglu/work/ros_study/2.ros_launch/build/CMakeFiles/CMakeTmp/CMakeFiles 1
Building C object CMakeFiles/cmTryCompileExec3049345484.dir/CheckSymbolExists.c.o
/usr/bin/cc    -o CMakeFiles/cmTryCompileExec3049345484.dir/CheckSymbolExists.c.o   -c /home/wanguanglu/work/ros_study/2.ros_launch/build/CMakeFiles/CMakeTmp/CheckSymbolExists.c
Linking C executable cmTryCompileExec3049345484
/usr/bin/cmake -E cmake_link_script CMakeFiles/cmTryCompileExec3049345484.dir/link.txt --verbose=1
/usr/bin/cc       CMakeFiles/cmTryCompileExec3049345484.dir/CheckSymbolExists.c.o  -o cmTryCompileExec3049345484 -rdynamic 
CMakeFiles/cmTryCompileExec3049345484.dir/CheckSymbolExists.c.o: In function `main':
CheckSymbolExists.c:(.text+0x16): undefined reference to `pthread_create'
make[1]: Leaving directory `/home/wanguanglu/work/ros_study/2.ros_launch/build/CMakeFiles/CMakeTmp'
collect2: error: ld returned 1 exit status
make[1]: *** [cmTryCompileExec3049345484] Error 1
make: *** [cmTryCompileExec3049345484/fast] Error 2

File /home/wanguanglu/work/ros_study/2.ros_launch/build/CMakeFiles/CMakeTmp/CheckSymbolExists.c:
/* */
#include <pthread.h>

int main(int argc, char** argv)
{
  (void)argv;
#ifndef pthread_create
  return ((int*)(&pthread_create))[argc];
#else
  (void)argc;
  return 0;
#endif
}

Determining if the function pthread_create exists in the pthreads failed with the following output:
Change Dir: /home/wanguanglu/work/ros_study/2.ros_launch/build/CMakeFiles/CMakeTmp

Run Build Command:/usr/bin/make "cmTryCompileExec2029395643/fast"
/usr/bin/make -f CMakeFiles/cmTryCompileExec2029395643.dir/build.make CMakeFiles/cmTryCompileExec2029395643.dir/build
make[1]: Entering directory `/home/wanguanglu/work/ros_study/2.ros_launch/build/CMakeFiles/CMakeTmp'
/usr/bin/cmake -E cmake_progress_report /home/wanguanglu/work/ros_study/2.ros_launch/build/CMakeFiles/CMakeTmp/CMakeFiles 1
Building C object CMakeFiles/cmTryCompileExec2029395643.dir/CheckFunctionExists.c.o
/usr/bin/cc   -DCHECK_FUNCTION_EXISTS=pthread_create   -o CMakeFiles/cmTryCompileExec2029395643.dir/CheckFunctionExists.c.o   -c /usr/share/cmake-2.8/Modules/CheckFunctionExists.c
Linking C executable cmTryCompileExec2029395643
/usr/bin/cmake -E cmake_link_script CMakeFiles/cmTryCompileExec2029395643.dir/link.txt --verbose=1
/usr/bin/cc   -DCHECK_FUNCTION_EXISTS=pthread_create    CMakeFiles/cmTryCompileExec2029395643.dir/CheckFunctionExists.c.o  -o cmTryCompileExec2029395643 -rdynamic -lpthreads 
/usr/bin/ld: cannot find -lpthreads
collect2: error: ld returned 1 exit status
make[1]: Leaving directory `/home/wanguanglu/work/ros_study/2.ros_launch/build/CMakeFiles/CMakeTmp'
make[1]: *** [cmTryCompileExec2029395643] Error 1
make: *** [cmTryCompileExec2029395643/fast] Error 2


